-------------------------------------------------------------------------------
Test set: webshop.entities.ProductMapperTest
-------------------------------------------------------------------------------
Tests run: 7, Failures: 4, Errors: 0, Skipped: 0, Time elapsed: 0.001 sec <<< FAILURE! - in webshop.entities.ProductMapperTest
testGetProductByDescription(webshop.entities.ProductMapperTest)  Time elapsed: 0 sec  <<< FAILURE!
java.lang.AssertionError: expected:<[Product{id=6, description=Warsteiner, vatLevel=LOW, price=100}]> but was:<[]>
	at org.junit.Assert.fail(Assert.java:88)
	at org.junit.Assert.failNotEquals(Assert.java:834)
	at org.junit.Assert.assertEquals(Assert.java:118)
	at org.junit.Assert.assertEquals(Assert.java:144)
	at webshop.entities.ProductMapperTest.testGetProductByDescription(ProductMapperTest.java:92)

testGetProductByDescriptionPriceVat(webshop.entities.ProductMapperTest)  Time elapsed: 0 sec  <<< FAILURE!
java.lang.AssertionError: expected:<Product{id=6, description=Warsteiner, vatLevel=LOW, price=100}> but was:<null>
	at org.junit.Assert.fail(Assert.java:88)
	at org.junit.Assert.failNotEquals(Assert.java:834)
	at org.junit.Assert.assertEquals(Assert.java:118)
	at org.junit.Assert.assertEquals(Assert.java:144)
	at webshop.entities.ProductMapperTest.testGetProductByDescriptionPriceVat(ProductMapperTest.java:62)

testGetProductById(webshop.entities.ProductMapperTest)  Time elapsed: 0 sec  <<< FAILURE!
java.lang.AssertionError: The test case is a prototype.
	at org.junit.Assert.fail(Assert.java:88)
	at webshop.entities.ProductMapperTest.testGetProductById(ProductMapperTest.java:79)

testCreateProductWith(webshop.entities.ProductMapperTest)  Time elapsed: 0 sec  <<< FAILURE!
java.lang.AssertionError: The test case is a prototype.
	at org.junit.Assert.fail(Assert.java:88)
	at webshop.entities.ProductMapperTest.testCreateProductWith(ProductMapperTest.java:115)

